#
# A fatal error has been detected by the Java Runtime Environment:
#
#  EXCEPTION_ACCESS_VIOLATION (0xc0000005) at pc=0x000000006fe0fb95, pid=26872, tid=0x00000000000069ac
#
# JRE version: Java(TM) SE Runtime Environment (8.0_241-b07) (build 1.8.0_241-b07)
# Java VM: Java HotSpot(TM) 64-Bit Server VM (25.241-b07 mixed mode windows-amd64 compressed oops)
# Problematic frame:
# V  [jvm.dll+0x10fb95]
#
# Failed to write core dump. Minidumps are not enabled by default on client versions of Windows
#
# If you would like to submit a bug report, please visit:
#   http://bugreport.java.com/bugreport/crash.jsp
#

---------------  T H R E A D  ---------------

Current thread (0x000000001e0fb000):  JavaThread "C1 CompilerThread3" daemon [_thread_in_vm, id=27052, stack(0x000000001ef90000,0x000000001f090000)]

siginfo: ExceptionCode=0xc0000005, reading address 0x0000000221da4f88

Registers:
RAX=0x000000001f08e968, RBX=0x0000000221da4f88, RCX=0x0000000000000003, RDX=0x0000000000000003
RSP=0x000000001f08e920, RBP=0x0000000000000006, RSI=0x000000000284d3d0, RDI=0x000000001f08e948
R8 =0x000000000284d3d0, R9 =0x000000001f08ea60, R10=0x0000000000000000, R11=0x0000000021da30e8
R12=0x0000000020744760, R13=0x00000000000000a7, R14=0x0000000000000000, R15=0x000000000284d3d0
RIP=0x000000006fe0fb95, EFLAGS=0x0000000000010246

Top of Stack: (sp=0x000000001f08e920)
0x000000001f08e920:   000000000284d3d0 0000000221da4f88
0x000000001f08e930:   00000006c2615ed0 00000007c02e9f28
0x000000001f08e940:   000000001f08e9f0 0000000021da30e8
0x000000001f08e950:   000000001e0fb000 0000000000000009
0x000000001f08e960:   0000000221da4f88 0000000021da30e8
0x000000001f08e970:   000000001e0fb000 000000001e0fb000
0x000000001f08e980:   0000000021da30e8 000000006fe3bd66
0x000000001f08e990:   0000000000000000 0000000000000000
0x000000001f08e9a0:   00000000000000a7 000000001f08f590
0x000000001f08e9b0:   000000000284d3d0 0000000023b5c360
0x000000001f08e9c0:   0000000020744760 000000001f08ea60
0x000000001f08e9d0:   000000000284d3d0 0000000020744760
0x000000001f08e9e0:   00000007c02e9f28 000000006fe100f5
0x000000001f08e9f0:   00000007c02e9f28 0000000020744760
0x000000001f08ea00:   000000000284d3d0 000000001f08ea60
0x000000001f08ea10:   0000000023b60fd0 000000006fd32a93 

Instructions: (pc=0x000000006fe0fb95)
0x000000006fe0fb75:   00 00 48 8b f8 48 c7 44 24 78 00 00 00 00 48 89
0x000000006fe0fb85:   5c 24 40 e8 83 5d f2 ff 48 8b 5c 24 40 45 33 f6
0x000000006fe0fb95:   44 8b 23 45 33 c0 44 89 74 24 58 45 85 e4 7e 28
0x000000006fe0fba5:   33 c9 48 8d 53 04 0f 1f 44 00 00 0f b7 02 66 c1 


Register to memory mapping:

RAX=0x000000001f08e968 is pointing into the stack for thread: 0x000000001e0fb000
RBX=0x0000000221da4f88 is an unknown value
RCX=0x0000000000000003 is an unknown value
RDX=0x0000000000000003 is an unknown value
RSP=0x000000001f08e920 is pointing into the stack for thread: 0x000000001e0fb000
RBP=0x0000000000000006 is an unknown value
RSI=0x000000000284d3d0 is an unknown value
RDI=0x000000001f08e948 is pointing into the stack for thread: 0x000000001e0fb000
R8 =0x000000000284d3d0 is an unknown value
R9 =0x000000001f08ea60 is pointing into the stack for thread: 0x000000001e0fb000
R10=0x0000000000000000 is an unknown value
R11=0x0000000021da30e8 is pointing into metadata
R12=0x0000000020744760 is an unknown value
R13=0x00000000000000a7 is an unknown value
R14=0x0000000000000000 is an unknown value
R15=0x000000000284d3d0 is an unknown value


Stack: [0x000000001ef90000,0x000000001f090000],  sp=0x000000001f08e920,  free space=1018k
Native frames: (J=compiled Java code, j=interpreted, Vv=VM code, C=native code)
V  [jvm.dll+0x10fb95]
V  [jvm.dll+0x1100f5]
V  [jvm.dll+0x32a93]
V  [jvm.dll+0x2d55c]
V  [jvm.dll+0x2f01a]
V  [jvm.dll+0x45f5e]
V  [jvm.dll+0x420e6f]
V  [jvm.dll+0x4275f7]
V  [jvm.dll+0x427efd]
V  [jvm.dll+0x4282f2]
V  [jvm.dll+0x42d415]
V  [jvm.dll+0x42d520]
V  [jvm.dll+0x416a18]
V  [jvm.dll+0x416c81]
V  [jvm.dll+0x416e42]
V  [jvm.dll+0x417011]
V  [jvm.dll+0x41721f]
V  [jvm.dll+0xa6a62]
V  [jvm.dll+0xa73af]
V  [jvm.dll+0x2467ef]
V  [jvm.dll+0x29fd2a]
C  [msvcr100.dll+0x21d9f]
C  [msvcr100.dll+0x21e3b]
C  [KERNEL32.DLL+0x17974]
C  [ntdll.dll+0x6a271]


Current CompileTask:
C1:1082609 5848       1       org.springframework.http.converter.json.AbstractJackson2HttpMessageConverter::selectObjectMapper (156 bytes)


---------------  P R O C E S S  ---------------

Java Threads: ( => current thread )
  0x000000002145f000 JavaThread "DiscoveryClient-HeartbeatExecutor-0" daemon [_thread_blocked, id=1772, stack(0x0000000038470000,0x0000000038570000)]
  0x000000002145b800 JavaThread "DiscoveryClient-CacheRefreshExecutor-0" daemon [_thread_blocked, id=17848, stack(0x0000000038370000,0x0000000038470000)]
  0x000000002145a800 JavaThread "http-nio-8090-Acceptor" daemon [_thread_in_native, id=8856, stack(0x0000000037c70000,0x0000000037d70000)]
  0x000000002145e800 JavaThread "http-nio-8090-ClientPoller" daemon [_thread_in_native, id=27568, stack(0x0000000037b70000,0x0000000037c70000)]
  0x0000000021459000 JavaThread "http-nio-8090-exec-10" daemon [_thread_blocked, id=3168, stack(0x0000000037a70000,0x0000000037b70000)]
  0x000000002145a000 JavaThread "http-nio-8090-exec-9" daemon [_thread_blocked, id=19804, stack(0x0000000037970000,0x0000000037a70000)]
  0x0000000021458800 JavaThread "http-nio-8090-exec-8" daemon [_thread_blocked, id=26688, stack(0x0000000037870000,0x0000000037970000)]
  0x0000000023acf000 JavaThread "http-nio-8090-exec-7" daemon [_thread_blocked, id=14180, stack(0x0000000037770000,0x0000000037870000)]
  0x0000000023acd800 JavaThread "http-nio-8090-exec-6" daemon [_thread_blocked, id=25204, stack(0x0000000037670000,0x0000000037770000)]
  0x0000000023ace000 JavaThread "http-nio-8090-exec-5" daemon [_thread_blocked, id=26956, stack(0x0000000037570000,0x0000000037670000)]
  0x0000000023acb000 JavaThread "http-nio-8090-exec-4" daemon [_thread_blocked, id=26796, stack(0x0000000037470000,0x0000000037570000)]
  0x0000000023acc000 JavaThread "http-nio-8090-exec-3" daemon [_thread_blocked, id=27524, stack(0x0000000037370000,0x0000000037470000)]
  0x0000000023aca800 JavaThread "http-nio-8090-exec-2" daemon [_thread_blocked, id=16880, stack(0x0000000037270000,0x0000000037370000)]
  0x0000000023ac3000 JavaThread "http-nio-8090-exec-1" daemon [_thread_blocked, id=20596, stack(0x0000000037170000,0x0000000037270000)]
  0x0000000023ac9800 JavaThread "http-nio-8090-BlockPoller" daemon [_thread_in_native, id=22920, stack(0x0000000037070000,0x0000000037170000)]
  0x0000000023ac9000 JavaThread "DiscoveryClient-InstanceInfoReplicator-0" daemon [_thread_blocked, id=12728, stack(0x0000000036f70000,0x0000000037070000)]
  0x0000000023ac1800 JavaThread "DiscoveryClient-1" daemon [_thread_blocked, id=26800, stack(0x0000000036e70000,0x0000000036f70000)]
  0x0000000023ac8000 JavaThread "DiscoveryClient-0" daemon [_thread_blocked, id=26752, stack(0x0000000036d70000,0x0000000036e70000)]
  0x0000000023ac3800 JavaThread "AsyncResolver-bootstrap-0" daemon [_thread_blocked, id=1000, stack(0x0000000036c70000,0x0000000036d70000)]
  0x0000000023ac0800 JavaThread "spring.cloud.inetutils" daemon [_thread_blocked, id=27112, stack(0x0000000036b70000,0x0000000036c70000)]
  0x0000000023ac6800 JavaThread "File Watcher" daemon [_thread_blocked, id=22440, stack(0x0000000036a70000,0x0000000036b70000)]
  0x0000000023ac5000 JavaThread "container-0" [_thread_blocked, id=27232, stack(0x0000000036970000,0x0000000036a70000)]
  0x0000000023ac0000 JavaThread "Catalina-utility-2" [_thread_blocked, id=27608, stack(0x0000000036870000,0x0000000036970000)]
  0x0000000023ac2000 JavaThread "Catalina-utility-1" [_thread_blocked, id=6720, stack(0x0000000036770000,0x0000000036870000)]
  0x0000000023ac7800 JavaThread "DestroyJavaVM" [_thread_blocked, id=26544, stack(0x00000000026f0000,0x00000000027f0000)]
  0x000000002145d000 JavaThread "Live Reload Server" daemon [_thread_in_native, id=27412, stack(0x0000000022ea0000,0x0000000022fa0000)]
  0x000000001f566000 JavaThread "RMI TCP Accept-0" daemon [_thread_in_native, id=26936, stack(0x000000001fb90000,0x000000001fc90000)]
  0x000000001f55e000 JavaThread "RMI TCP Accept-56665" daemon [_thread_in_native, id=26932, stack(0x000000001fa90000,0x000000001fb90000)]
  0x000000001f54c800 JavaThread "RMI TCP Accept-0" daemon [_thread_in_native, id=27064, stack(0x000000001f990000,0x000000001fa90000)]
  0x000000001e194800 JavaThread "Service Thread" daemon [_thread_blocked, id=27060, stack(0x000000001f090000,0x000000001f190000)]
=>0x000000001e0fb000 JavaThread "C1 CompilerThread3" daemon [_thread_in_vm, id=27052, stack(0x000000001ef90000,0x000000001f090000)]
  0x000000001e0f9800 JavaThread "C2 CompilerThread2" daemon [_thread_blocked, id=27044, stack(0x000000001ee90000,0x000000001ef90000)]
  0x000000001e0f8800 JavaThread "C2 CompilerThread1" daemon [_thread_blocked, id=27040, stack(0x000000001ed90000,0x000000001ee90000)]
  0x000000001e0f2000 JavaThread "C2 CompilerThread0" daemon [_thread_blocked, id=27036, stack(0x000000001ec90000,0x000000001ed90000)]
  0x000000001e0ea800 JavaThread "JDWP Command Reader" daemon [_thread_in_native, id=27008, stack(0x000000001eb90000,0x000000001ec90000)]
  0x000000001e0dd800 JavaThread "JDWP Event Helper Thread" daemon [_thread_blocked, id=27004, stack(0x000000001ea90000,0x000000001eb90000)]
  0x000000001e0d3000 JavaThread "JDWP Transport Listener: dt_socket" daemon [_thread_blocked, id=26916, stack(0x000000001e990000,0x000000001ea90000)]
  0x000000001e0ca000 JavaThread "Attach Listener" daemon [_thread_blocked, id=26980, stack(0x000000001e890000,0x000000001e990000)]
  0x000000001e0c9000 JavaThread "Signal Dispatcher" daemon [_thread_blocked, id=20812, stack(0x000000001e790000,0x000000001e890000)]
  0x000000001e0b1000 JavaThread "Finalizer" daemon [_thread_blocked, id=24936, stack(0x000000001e590000,0x000000001e690000)]
  0x000000001e0b0800 JavaThread "Reference Handler" daemon [_thread_blocked, id=26968, stack(0x000000001e490000,0x000000001e590000)]

Other Threads:
  0x000000001c299800 VMThread [stack: 0x000000001df90000,0x000000001e090000] [id=27344]
  0x000000001f567800 WatcherThread [stack: 0x000000001fc90000,0x000000001fd90000] [id=26160]

VM state:not at safepoint (normal execution)

VM Mutex/Monitor currently owned by a thread: None

heap address: 0x00000006c2600000, size: 4058 MB, Compressed Oops mode: Zero based, Oop shift amount: 3
Narrow klass base: 0x0000000000000000, Narrow klass shift: 3
Compressed class space size: 1073741824 Address: 0x00000007c0000000

Heap:
 PSYoungGen      total 297984K, used 123749K [0x000000076b780000, 0x000000077ec00000, 0x00000007c0000000)
  eden space 281600K, 43% used [0x000000076b780000,0x00000007730595d0,0x000000077ca80000)
  from space 16384K, 0% used [0x000000077ca80000,0x000000077ca80000,0x000000077da80000)
  to   space 16896K, 0% used [0x000000077db80000,0x000000077db80000,0x000000077ec00000)
 ParOldGen       total 143872K, used 23719K [0x00000006c2600000, 0x00000006cb280000, 0x000000076b780000)
  object space 143872K, 16% used [0x00000006c2600000,0x00000006c3d29cd0,0x00000006cb280000)
 Metaspace       used 42714K, capacity 45740K, committed 45912K, reserved 1089536K
  class space    used 5748K, capacity 6364K, committed 6488K, reserved 1048576K

Card table byte_map: [0x0000000011cb0000,0x00000000124a0000] byte_map_base: 0x000000000e69d000

Marking Bits: (ParMarkBitMap*) 0x000000007052be30
 Begin Bits: [0x00000000131f0000, 0x0000000017158000)
 End Bits:   [0x0000000017158000, 0x000000001b0c0000)

Polling page: 0x00000000009c0000

CodeCache: size=245760Kb used=11421Kb max_used=11421Kb free=234338Kb
 bounds [0x00000000028f0000, 0x0000000003420000, 0x00000000118f0000]
 total_blobs=6258 nmethods=5735 adapters=443
 compilation: enabled

Compilation events (10 events):
Event: 1052.529 Thread 0x000000001e0fb000 nmethod 5842 0x0000000003419790 code [0x00000000034198e0, 0x00000000034199f0]
Event: 1082.528 Thread 0x000000001e0fb000 5844       1       org.apache.http.conn.EofSensorInputStream::isReadAllowed (30 bytes)
Event: 1082.528 Thread 0x000000001e0fb000 nmethod 5844 0x0000000003419a50 code [0x0000000003419bc0, 0x0000000003419da8]
Event: 1082.529 Thread 0x000000001e0fb000 5846       1       org.springframework.util.LinkedCaseInsensitiveMap$EntrySet::<init> (15 bytes)
Event: 1082.529 Thread 0x000000001e0fb000 nmethod 5846 0x0000000003419e90 code [0x0000000003419fe0, 0x000000000341a110]
Event: 1082.529 Thread 0x000000001e0fb000 5847       1       com.netflix.appinfo.InstanceInfo::getDataCenterInfo (5 bytes)
Event: 1082.529 Thread 0x000000001e0fb000 nmethod 5847 0x000000000341a190 code [0x000000000341a2e0, 0x000000000341a3f0]
Event: 1082.529 Thread 0x000000001e0fb000 5845   !   1       org.apache.http.conn.EofSensorInputStream::checkEOF (60 bytes)
Event: 1082.530 Thread 0x000000001e0fb000 nmethod 5845 0x000000000341a450 code [0x000000000341a5c0, 0x000000000341a878]
Event: 1082.532 Thread 0x000000001e0fb000 5848       1       org.springframework.http.converter.json.AbstractJackson2HttpMessageConverter::selectObjectMapper (156 bytes)

GC Heap History (10 events):
Event: 308.302 GC heap before
{Heap before GC invocations=10 (full 3):
 PSYoungGen      total 199168K, used 11722K [0x000000076b780000, 0x000000077ea00000, 0x00000007c0000000)
  eden space 183296K, 0% used [0x000000076b780000,0x000000076b780000,0x0000000776a80000)
  from space 15872K, 73% used [0x0000000776a80000,0x00000007775f2ad0,0x0000000777a00000)
  to   space 15872K, 0% used [0x000000077da80000,0x000000077da80000,0x000000077ea00000)
 ParOldGen       total 143872K, used 19265K [0x00000006c2600000, 0x00000006cb280000, 0x000000076b780000)
  object space 143872K, 13% used [0x00000006c2600000,0x00000006c38d0660,0x00000006cb280000)
 Metaspace       used 41986K, capacity 44622K, committed 44888K, reserved 1087488K
  class space    used 5676K, capacity 6183K, committed 6232K, reserved 1048576K
Event: 308.406 GC heap after
Heap after GC invocations=10 (full 3):
 PSYoungGen      total 199168K, used 0K [0x000000076b780000, 0x000000077ea00000, 0x00000007c0000000)
  eden space 183296K, 0% used [0x000000076b780000,0x000000076b780000,0x0000000776a80000)
  from space 15872K, 0% used [0x0000000776a80000,0x0000000776a80000,0x0000000777a00000)
  to   space 15872K, 0% used [0x000000077da80000,0x000000077da80000,0x000000077ea00000)
 ParOldGen       total 143872K, used 25473K [0x00000006c2600000, 0x00000006cb280000, 0x000000076b780000)
  object space 143872K, 17% used [0x00000006c2600000,0x00000006c3ee06b8,0x00000006cb280000)
 Metaspace       used 41986K, capacity 44622K, committed 44888K, reserved 1087488K
  class space    used 5676K, capacity 6183K, committed 6232K, reserved 1048576K
}
Event: 989.148 GC heap before
{Heap before GC invocations=11 (full 3):
 PSYoungGen      total 199168K, used 168226K [0x000000076b780000, 0x000000077ea00000, 0x00000007c0000000)
  eden space 183296K, 91% used [0x000000076b780000,0x0000000775bc8b20,0x0000000776a80000)
  from space 15872K, 0% used [0x0000000776a80000,0x0000000776a80000,0x0000000777a00000)
  to   space 15872K, 0% used [0x000000077da80000,0x000000077da80000,0x000000077ea00000)
 ParOldGen       total 143872K, used 25473K [0x00000006c2600000, 0x00000006cb280000, 0x000000076b780000)
  object space 143872K, 17% used [0x00000006c2600000,0x00000006c3ee06b8,0x00000006cb280000)
 Metaspace       used 42309K, capacity 45098K, committed 45272K, reserved 1087488K
  class space    used 5710K, capacity 6250K, committed 6360K, reserved 1048576K
Event: 989.153 GC heap after
Heap after GC invocations=11 (full 3):
 PSYoungGen      total 297472K, used 4010K [0x000000076b780000, 0x000000077eb00000, 0x00000007c0000000)
  eden space 281600K, 0% used [0x000000076b780000,0x000000076b780000,0x000000077ca80000)
  from space 15872K, 25% used [0x000000077da80000,0x000000077de6a8a0,0x000000077ea00000)
  to   space 16384K, 0% used [0x000000077ca80000,0x000000077ca80000,0x000000077da80000)
 ParOldGen       total 143872K, used 25481K [0x00000006c2600000, 0x00000006cb280000, 0x000000076b780000)
  object space 143872K, 17% used [0x00000006c2600000,0x00000006c3ee26b8,0x00000006cb280000)
 Metaspace       used 42309K, capacity 45098K, committed 45272K, reserved 1087488K
  class space    used 5710K, capacity 6250K, committed 6360K, reserved 1048576K
}
Event: 989.153 GC heap before
{Heap before GC invocations=12 (full 4):
 PSYoungGen      total 297472K, used 4010K [0x000000076b780000, 0x000000077eb00000, 0x00000007c0000000)
  eden space 281600K, 0% used [0x000000076b780000,0x000000076b780000,0x000000077ca80000)
  from space 15872K, 25% used [0x000000077da80000,0x000000077de6a8a0,0x000000077ea00000)
  to   space 16384K, 0% used [0x000000077ca80000,0x000000077ca80000,0x000000077da80000)
 ParOldGen       total 143872K, used 25481K [0x00000006c2600000, 0x00000006cb280000, 0x000000076b780000)
  object space 143872K, 17% used [0x00000006c2600000,0x00000006c3ee26b8,0x00000006cb280000)
 Metaspace       used 42309K, capacity 45098K, committed 45272K, reserved 1087488K
  class space    used 5710K, capacity 6250K, committed 6360K, reserved 1048576K
Event: 989.318 GC heap after
Heap after GC invocations=12 (full 4):
 PSYoungGen      total 297472K, used 0K [0x000000076b780000, 0x000000077eb00000, 0x00000007c0000000)
  eden space 281600K, 0% used [0x000000076b780000,0x000000076b780000,0x000000077ca80000)
  from space 15872K, 0% used [0x000000077da80000,0x000000077da80000,0x000000077ea00000)
  to   space 16384K, 0% used [0x000000077ca80000,0x000000077ca80000,0x000000077da80000)
 ParOldGen       total 143872K, used 22078K [0x00000006c2600000, 0x00000006cb280000, 0x000000076b780000)
  object space 143872K, 15% used [0x00000006c2600000,0x00000006c3b8fae8,0x00000006cb280000)
 Metaspace       used 42309K, capacity 45098K, committed 45272K, reserved 1087488K
  class space    used 5710K, capacity 6250K, committed 6360K, reserved 1048576K
}
Event: 1019.767 GC heap before
{Heap before GC invocations=13 (full 4):
 PSYoungGen      total 297472K, used 121504K [0x000000076b780000, 0x000000077eb00000, 0x00000007c0000000)
  eden space 281600K, 43% used [0x000000076b780000,0x0000000772e28150,0x000000077ca80000)
  from space 15872K, 0% used [0x000000077da80000,0x000000077da80000,0x000000077ea00000)
  to   space 16384K, 0% used [0x000000077ca80000,0x000000077ca80000,0x000000077da80000)
 ParOldGen       total 143872K, used 22078K [0x00000006c2600000, 0x00000006cb280000, 0x000000076b780000)
  object space 143872K, 15% used [0x00000006c2600000,0x00000006c3b8fae8,0x00000006cb280000)
 Metaspace       used 42507K, capacity 45418K, committed 45528K, reserved 1089536K
  class space    used 5726K, capacity 6301K, committed 6360K, reserved 1048576K
Event: 1019.770 GC heap after
Heap after GC invocations=13 (full 4):
 PSYoungGen      total 297984K, used 3747K [0x000000076b780000, 0x000000077ec00000, 0x00000007c0000000)
  eden space 281600K, 0% used [0x000000076b780000,0x000000076b780000,0x000000077ca80000)
  from space 16384K, 22% used [0x000000077ca80000,0x000000077ce28f50,0x000000077da80000)
  to   space 16896K, 0% used [0x000000077db80000,0x000000077db80000,0x000000077ec00000)
 ParOldGen       total 143872K, used 22086K [0x00000006c2600000, 0x00000006cb280000, 0x000000076b780000)
  object space 143872K, 15% used [0x00000006c2600000,0x00000006c3b91ae8,0x00000006cb280000)
 Metaspace       used 42507K, capacity 45418K, committed 45528K, reserved 1089536K
  class space    used 5726K, capacity 6301K, committed 6360K, reserved 1048576K
}
Event: 1019.770 GC heap before
{Heap before GC invocations=14 (full 5):
 PSYoungGen      total 297984K, used 3747K [0x000000076b780000, 0x000000077ec00000, 0x00000007c0000000)
  eden space 281600K, 0% used [0x000000076b780000,0x000000076b780000,0x000000077ca80000)
  from space 16384K, 22% used [0x000000077ca80000,0x000000077ce28f50,0x000000077da80000)
  to   space 16896K, 0% used [0x000000077db80000,0x000000077db80000,0x000000077ec00000)
 ParOldGen       total 143872K, used 22086K [0x00000006c2600000, 0x00000006cb280000, 0x000000076b780000)
  object space 143872K, 15% used [0x00000006c2600000,0x00000006c3b91ae8,0x00000006cb280000)
 Metaspace       used 42507K, capacity 45418K, committed 45528K, reserved 1089536K
  class space    used 5726K, capacity 6301K, committed 6360K, reserved 1048576K
Event: 1019.917 GC heap after
Heap after GC invocations=14 (full 5):
 PSYoungGen      total 297984K, used 0K [0x000000076b780000, 0x000000077ec00000, 0x00000007c0000000)
  eden space 281600K, 0% used [0x000000076b780000,0x000000076b780000,0x000000077ca80000)
  from space 16384K, 0% used [0x000000077ca80000,0x000000077ca80000,0x000000077da80000)
  to   space 16896K, 0% used [0x000000077db80000,0x000000077db80000,0x000000077ec00000)
 ParOldGen       total 143872K, used 23719K [0x00000006c2600000, 0x00000006cb280000, 0x000000076b780000)
  object space 143872K, 16% used [0x00000006c2600000,0x00000006c3d29cd0,0x00000006cb280000)
 Metaspace       used 42507K, capacity 45418K, committed 45528K, reserved 1089536K
  class space    used 5726K, capacity 6301K, committed 6360K, reserved 1048576K
}

Deoptimization events (0 events):
No events

Classes redefined (1 events):
Event: 303.303 Thread 0x000000001c299800 redefined class name=com.vehicle.tracker.email.notifer.controller.EmailNotifierController, count=1

Internal exceptions (10 events):
Event: 1033.189 Thread 0x0000000023ac3000 Exception <a 'java/io/FileNotFoundException'> (0x0000000771e67f18) thrown at [C:\ade\jenkins\workspace\8-2-build-windows-amd64-cygwin\jdk8u241\331\hotspot\src\share\vm\prims\jni.cpp, line 710]
Event: 1033.338 Thread 0x0000000023ac3000 Exception <a 'java/io/FileNotFoundException'> (0x0000000771eb99d8) thrown at [C:\ade\jenkins\workspace\8-2-build-windows-amd64-cygwin\jdk8u241\331\hotspot\src\share\vm\prims\jni.cpp, line 710]
Event: 1040.360 Thread 0x0000000023ac3000 Exception <a 'java/io/FileNotFoundException'> (0x0000000771ec4ef0) thrown at [C:\ade\jenkins\workspace\8-2-build-windows-amd64-cygwin\jdk8u241\331\hotspot\src\share\vm\prims\jni.cpp, line 710]
Event: 1040.362 Thread 0x0000000023ac3000 Exception <a 'java/io/FileNotFoundException'> (0x0000000771ec5c78) thrown at [C:\ade\jenkins\workspace\8-2-build-windows-amd64-cygwin\jdk8u241\331\hotspot\src\share\vm\prims\jni.cpp, line 710]
Event: 1052.505 Thread 0x000000002145b800 Exception <a 'java/net/SocketTimeoutException': Read timed out> (0x0000000772b6d950) thrown at [C:\ade\jenkins\workspace\8-2-build-windows-amd64-cygwin\jdk8u241\331\hotspot\src\share\vm\prims\jni.cpp, line 736]
Event: 1052.510 Thread 0x000000002145f000 Exception <a 'java/lang/ArrayIndexOutOfBoundsException'> (0x0000000772cb3420) thrown at [C:\ade\jenkins\workspace\8-2-build-windows-amd64-cygwin\jdk8u241\331\hotspot\src\share\vm\runtime\sharedRuntime.cpp, line 605]
Event: 1052.522 Thread 0x000000002145f000 Exception <a 'java/lang/ArrayIndexOutOfBoundsException'> (0x0000000772d0a8b8) thrown at [C:\ade\jenkins\workspace\8-2-build-windows-amd64-cygwin\jdk8u241\331\hotspot\src\share\vm\runtime\sharedRuntime.cpp, line 605]
Event: 1052.528 Thread 0x000000002145f000 Exception <a 'java/net/SocketTimeoutException': Read timed out> (0x0000000772d393d8) thrown at [C:\ade\jenkins\workspace\8-2-build-windows-amd64-cygwin\jdk8u241\331\hotspot\src\share\vm\prims\jni.cpp, line 736]
Event: 1082.522 Thread 0x000000002145b800 Exception <a 'java/net/SocketTimeoutException': Read timed out> (0x0000000772b7ba80) thrown at [C:\ade\jenkins\workspace\8-2-build-windows-amd64-cygwin\jdk8u241\331\hotspot\src\share\vm\prims\jni.cpp, line 736]
Event: 1082.533 Thread 0x000000002145f000 Exception <a 'java/net/SocketTimeoutException': Read timed out> (0x0000000772d42268) thrown at [C:\ade\jenkins\workspace\8-2-build-windows-amd64-cygwin\jdk8u241\331\hotspot\src\share\vm\prims\jni.cpp, line 736]

Events (10 events):
Event: 1052.515 Executing VM operation: RevokeBias
Event: 1052.515 Executing VM operation: RevokeBias done
Event: 1052.515 Executing VM operation: RevokeBias
Event: 1052.516 Executing VM operation: RevokeBias done
Event: 1052.516 Executing VM operation: RevokeBias
Event: 1052.517 Executing VM operation: RevokeBias done
Event: 1052.522 Thread 0x000000002145f000 DEOPT PACKING pc=0x0000000002a0c978 sp=0x000000003856d6e0
Event: 1052.522 Thread 0x000000002145f000 DEOPT UNPACKING pc=0x0000000002937890 sp=0x000000003856d408 mode 1
Event: 1052.526 Executing VM operation: RevokeBias
Event: 1052.527 Executing VM operation: RevokeBias done


Dynamic libraries:
0x00007ff790a60000 - 0x00007ff790a97000 	C:\Program Files\Java\jdk1.8.0_241\bin\javaw.exe
0x00007ffaa36c0000 - 0x00007ffaa38ad000 	C:\WINDOWS\SYSTEM32\ntdll.dll
0x00007ffaa0b50000 - 0x00007ffaa0c03000 	C:\WINDOWS\System32\KERNEL32.DLL
0x00007ffaa0150000 - 0x00007ffaa03e5000 	C:\WINDOWS\System32\KERNELBASE.dll
0x0000000071970000 - 0x0000000071a16000 	C:\WINDOWS\System32\SYSFER.DLL
0x00007ffaa2b30000 - 0x00007ffaa2bd3000 	C:\WINDOWS\System32\ADVAPI32.dll
0x00007ffaa3170000 - 0x00007ffaa320e000 	C:\WINDOWS\System32\msvcrt.dll
0x00007ffaa2de0000 - 0x00007ffaa2e7e000 	C:\WINDOWS\System32\sechost.dll
0x00007ffaa2ea0000 - 0x00007ffaa2fc2000 	C:\WINDOWS\System32\RPCRT4.dll
0x00007ffaa2fd0000 - 0x00007ffaa3167000 	C:\WINDOWS\System32\USER32.dll
0x00007ffa9ff90000 - 0x00007ffa9ffb0000 	C:\WINDOWS\System32\win32u.dll
0x00007ffaa0f60000 - 0x00007ffaa0f89000 	C:\WINDOWS\System32\GDI32.dll
0x00007ffa9ffb0000 - 0x00007ffaa014c000 	C:\WINDOWS\System32\gdi32full.dll
0x00007ffa9f770000 - 0x00007ffa9f810000 	C:\WINDOWS\System32\msvcp_win.dll
0x00007ffaa0520000 - 0x00007ffaa061a000 	C:\WINDOWS\System32\ucrtbase.dll
0x00007ffa83710000 - 0x00007ffa83989000 	C:\WINDOWS\WinSxS\amd64_microsoft.windows.common-controls_6595b64144ccf1df_6.0.17763.1518_none_de6e2bd0534e2567\COMCTL32.dll
0x00007ffaa1230000 - 0x00007ffaa155d000 	C:\WINDOWS\System32\combase.dll
0x00007ffaa03f0000 - 0x00007ffaa046e000 	C:\WINDOWS\System32\bcryptPrimitives.dll
0x00007ffaa0b20000 - 0x00007ffaa0b4e000 	C:\WINDOWS\System32\IMM32.DLL
0x00007ffa9f370000 - 0x00007ffa9f4f8000 	C:\Program Files\Avecto\Privilege Guard Client\PGHook.dll
0x00007ffa9ff70000 - 0x00007ffa9ff87000 	C:\WINDOWS\System32\CRYPTSP.dll
0x00007ffa9f2e0000 - 0x00007ffa9f313000 	C:\WINDOWS\system32\rsaenh.dll
0x00007ffaa08b0000 - 0x00007ffaa08d6000 	C:\WINDOWS\System32\bcrypt.dll
0x00007ffa9f120000 - 0x00007ffa9f12c000 	C:\WINDOWS\SYSTEM32\CRYPTBASE.dll
0x00007ffaa1560000 - 0x00007ffaa2a59000 	C:\WINDOWS\System32\shell32.dll
0x00007ffaa0470000 - 0x00007ffaa04ba000 	C:\WINDOWS\System32\cfgmgr32.dll
0x00007ffaa0e50000 - 0x00007ffaa0ef8000 	C:\WINDOWS\System32\shcore.dll
0x00007ffa9f810000 - 0x00007ffa9ff62000 	C:\WINDOWS\System32\windows.storage.dll
0x00007ffa9f740000 - 0x00007ffa9f764000 	C:\WINDOWS\System32\profapi.dll
0x00007ffa9f6c0000 - 0x00007ffa9f71d000 	C:\WINDOWS\System32\powrprof.dll
0x00007ffaa0cc0000 - 0x00007ffaa0d12000 	C:\WINDOWS\System32\shlwapi.dll
0x00007ffa9f6a0000 - 0x00007ffa9f6b1000 	C:\WINDOWS\System32\kernel.appcore.dll
0x000000006fb40000 - 0x000000006fc12000 	C:\Program Files\Java\jdk1.8.0_241\jre\bin\msvcr100.dll
0x000000006fd00000 - 0x00000000705ac000 	C:\Program Files\Java\jdk1.8.0_241\jre\bin\server\jvm.dll
0x00007ffaa2c60000 - 0x00007ffaa2c68000 	C:\WINDOWS\System32\PSAPI.DLL
0x00007ffa86910000 - 0x00007ffa86919000 	C:\WINDOWS\SYSTEM32\WSOCK32.dll
0x00007ffaa1010000 - 0x00007ffaa107d000 	C:\WINDOWS\System32\WS2_32.dll
0x00007ffa99570000 - 0x00007ffa99594000 	C:\WINDOWS\SYSTEM32\WINMM.dll
0x00007ffa8dbb0000 - 0x00007ffa8dbba000 	C:\WINDOWS\SYSTEM32\VERSION.dll
0x00007ffa99540000 - 0x00007ffa9956d000 	C:\WINDOWS\SYSTEM32\WINMMBASE.dll
0x00007ffa99850000 - 0x00007ffa9985f000 	C:\Program Files\Java\jdk1.8.0_241\jre\bin\verify.dll
0x00007ffa79a90000 - 0x00007ffa79ab9000 	C:\Program Files\Java\jdk1.8.0_241\jre\bin\java.dll
0x00007ffa749b0000 - 0x00007ffa749e5000 	C:\Program Files\Java\jdk1.8.0_241\jre\bin\jdwp.dll
0x00007ffa944d0000 - 0x00007ffa944d8000 	C:\Program Files\Java\jdk1.8.0_241\jre\bin\npt.dll
0x00007ffa8cd50000 - 0x00007ffa8cd66000 	C:\Program Files\Java\jdk1.8.0_241\jre\bin\zip.dll
0x00007ffa8c9a0000 - 0x00007ffa8c9a9000 	C:\Program Files\Java\jdk1.8.0_241\jre\bin\dt_socket.dll
0x00007ffa84700000 - 0x00007ffa84716000 	C:\WINDOWS\system32\napinsp.dll
0x00007ffa846e0000 - 0x00007ffa846fa000 	C:\WINDOWS\system32\pnrpnsp.dll
0x00007ffa9ed30000 - 0x00007ffa9ed97000 	C:\WINDOWS\System32\mswsock.dll
0x00007ffa9ea40000 - 0x00007ffa9eb07000 	C:\WINDOWS\SYSTEM32\DNSAPI.dll
0x00007ffaa2c50000 - 0x00007ffaa2c58000 	C:\WINDOWS\System32\NSI.dll
0x00007ffa9ea00000 - 0x00007ffa9ea3d000 	C:\WINDOWS\SYSTEM32\IPHLPAPI.DLL
0x00007ffa846d0000 - 0x00007ffa846de000 	C:\WINDOWS\System32\winrnr.dll
0x00007ffa97570000 - 0x00007ffa9758b000 	C:\WINDOWS\system32\NLAapi.dll
0x00007ffa8ee80000 - 0x00007ffa8ee95000 	C:\WINDOWS\system32\wshbth.dll
0x00007ffa96c40000 - 0x00007ffa96cb9000 	C:\WINDOWS\System32\fwpuclnt.dll
0x00007ffa8aec0000 - 0x00007ffa8aeca000 	C:\Windows\System32\rasadhlp.dll
0x00007ffa957c0000 - 0x00007ffa957cd000 	C:\Program Files\Java\jdk1.8.0_241\jre\bin\management.dll
0x00007ffa8c520000 - 0x00007ffa8c53a000 	C:\Program Files\Java\jdk1.8.0_241\jre\bin\net.dll
0x00007ffa8c4b0000 - 0x00007ffa8c4c2000 	C:\Program Files\Java\jdk1.8.0_241\jre\bin\nio.dll
0x00007ffa9f5a0000 - 0x00007ffa9f5c9000 	C:\WINDOWS\SYSTEM32\USERENV.dll
0x00007ffa972b0000 - 0x00007ffa972c6000 	C:\WINDOWS\SYSTEM32\dhcpcsvc6.DLL
0x00007ffa97290000 - 0x00007ffa972ac000 	C:\WINDOWS\SYSTEM32\dhcpcsvc.DLL
0x00007ffa783d0000 - 0x00007ffa783f4000 	C:\Program Files\Java\jdk1.8.0_241\jre\bin\sunec.dll
0x00007ffa97420000 - 0x00007ffa9742b000 	C:\Program Files\Java\jdk1.8.0_241\jre\bin\sunmscapi.dll
0x00007ffaa06d0000 - 0x00007ffaa08ac000 	C:\WINDOWS\System32\CRYPT32.dll
0x00007ffa9f720000 - 0x00007ffa9f732000 	C:\WINDOWS\System32\MSASN1.dll
0x00007ffa9dc30000 - 0x00007ffa9de1d000 	C:\WINDOWS\SYSTEM32\dbghelp.dll

VM Arguments:
jvm_args: -agentlib:jdwp=transport=dt_socket,suspend=y,address=localhost:56666 -Dcom.sun.management.jmxremote -Dcom.sun.management.jmxremote.port=56665 -Dcom.sun.management.jmxremote.authenticate=false -Dcom.sun.management.jmxremote.ssl=false -Djava.rmi.server.hostname=localhost -Dspring.application.admin.enabled=true -Xverify:none -XX:TieredStopAtLevel=1 -Dfile.encoding=UTF-8 
java_command: com.vehicle.tracker.email.notifer.EmailNotiferApplication --spring.output.ansi.enabled=always
java_class_path (initial): C:\Users\edallik\Downloads\email.notifer\target\classes;C:\Users\edallik\.m2\repository\org\springframework\boot\spring-boot-starter-mail\2.4.4\spring-boot-starter-mail-2.4.4.jar;C:\Users\edallik\.m2\repository\org\springframework\boot\spring-boot-starter\2.4.4\spring-boot-starter-2.4.4.jar;C:\Users\edallik\.m2\repository\org\springframework\boot\spring-boot-starter-logging\2.4.4\spring-boot-starter-logging-2.4.4.jar;C:\Users\edallik\.m2\repository\ch\qos\logback\logback-classic\1.2.3\logback-classic-1.2.3.jar;C:\Users\edallik\.m2\repository\ch\qos\logback\logback-core\1.2.3\logback-core-1.2.3.jar;C:\Users\edallik\.m2\repository\org\apache\logging\log4j\log4j-to-slf4j\2.13.3\log4j-to-slf4j-2.13.3.jar;C:\Users\edallik\.m2\repository\org\apache\logging\log4j\log4j-api\2.13.3\log4j-api-2.13.3.jar;C:\Users\edallik\.m2\repository\org\slf4j\jul-to-slf4j\1.7.30\jul-to-slf4j-1.7.30.jar;C:\Users\edallik\.m2\repository\jakarta\annotation\jakarta.annotation-api\1.3.5\jakarta.annotation-api-1.3.5.jar;C:\Users\edallik\.m2\repository\org\yaml\snakeyaml\1.27\snakeyaml-1.27.jar;C:\Users\edallik\.m2\repository\org\springframework\spring-context-support\5.3.5\spring-context-support-5.3.5.jar;C:\Users\edallik\.m2\repository\org\springframework\spring-beans\5.3.5\spring-beans-5.3.5.jar;C:\Users\edallik\.m2\repository\org\springframework\spring-context\5.3.5\spring-context-5.3.5.jar;C:\Users\edallik\.m2\repository\com\sun\mail\jakarta.mail\1.6.6\jakarta.mail-1.6.6.jar;C:\Users\edallik\.m2\repository\com\sun\activation\jakarta.activation\1.2.2\jakarta.activation-1.2.2.jar;C:\Users\edallik\.m2\repository\org\springframework\cloud\spring-cloud-starter-netflix-eureka-client\3.0.2\spring-cloud-starter-netflix-eureka-client-3.0.2.jar;C:\Users\edallik\.m2\repository\org\springframework\cloud\spring-cloud-starter\3.0.2\spring-cloud-starter-3.0.2.jar;C:\Users\edallik\.m2\repository\org\springframework\cloud\spring-cloud-context\3.0.2\spring-cloud-context-3.0.2.jar;C:
Launcher Type: SUN_STANDARD

Environment Variables:
JAVA_HOME=C:\Program Files\Java\jdk1.8.0_241
PATH=C:\Program Files\Java\jdk1.8.0_241\jre\bin;C:/Program Files/Java/jdk1.8.0_241/bin/../jre/bin/server;C:/Program Files/Java/jdk1.8.0_241/bin/../jre/bin;C:/Program Files/Java/jdk1.8.0_241/bin/../jre/lib/amd64;C:\Program Files\Java\jdk1.8.0_241\bin;C:\WINDOWS\system32;C:\WINDOWS;C:\WINDOWS\System32\Wbem;C:\WINDOWS\System32\WindowsPowerShell\v1.0\;C:\Program Files\PuTTY\;C:\Program Files (x86)\PuTTY\;C:\Program Files\Git\cmd;C:\Program Files\nodejs\;C:\WINDOWS\system32\config\systemprofile\AppData\Local\Microsoft\WindowsApps;C:\Program Files (x86)\Adaptiva\AdaptivaClient\bin\x32;C:\Program Files (x86)\Adaptiva\AdaptivaClient\bin\x64;C:\apache-maven-3.5.4\bin;C:\Program Files\TortoiseGit\bin;C:\WINDOWS\system32;C:\WINDOWS;C:\WINDOWS\System32\Wbem;C:\WINDOWS\System32\WindowsPowerShell\v1.0\;C:\WINDOWS\System32\OpenSSH\;C:\Program Files (x86)\Common Files\Oracle\Java\javapath\java;C:\Program Files\MySQL\MySQL Shell 8.0\bin\;C:\Users\edallik\AppData\Local\Programs\Python\Python39\Scripts\;C:\Users\edallik\AppData\Local\Programs\Python\Python39\;C:\Users\edallik\AppData\Local\Microsoft\WindowsApps;C:\Users\edallik\AppData\Local\atom\bin;C:\Users\edallik\AppData\Roaming\npm;C:\Users\edallik\AppData\Local\Microsoft\WindowsApps;;C:\Program Files\JetBrains\IntelliJ IDEA 2020.1\bin;;C:\Users\edallik\Downloads\spring-tool-suite-4-4.1.0.RELEASE-e4.10.0-win32.win32.x86_64\sts-4.1.0.RELEASE;
USERNAME=edallik
OS=Windows_NT
PROCESSOR_IDENTIFIER=Intel64 Family 6 Model 142 Stepping 10, GenuineIntel



---------------  S Y S T E M  ---------------

OS: Windows 10.0 , 64 bit Build 17763 (10.0.17763.475)

CPU:total 8 (initial active 8) (4 cores per cpu, 2 threads per core) family 6 model 142 stepping 10, cmov, cx8, fxsr, mmx, sse, sse2, sse3, ssse3, sse4.1, sse4.2, popcnt, avx, avx2, aes, clmul, erms, rtm, 3dnowpref, lzcnt, ht, tsc, tscinvbit, bmi1, bmi2, adx

Memory: 4k page, physical 16616664k(4472848k free), swap 19107032k(5389012k free)

vm_info: Java HotSpot(TM) 64-Bit Server VM (25.241-b07) for windows-amd64 JRE (1.8.0_241-b07), built on Dec 11 2019 10:21:40 by "rejava" with MS VC++ 10.0 (VS2010)

time: Tue Apr 13 18:54:16 2021
timezone: India Standard Time
elapsed time: 1082 seconds (0d 0h 18m 2s)

